proguard/mapping.txt
com.bdj.pic.PicLvAdapter$ViewHolder -> com.bdj.c.i:
    android.widget.TextView tvContent -> a
    android.widget.ImageView ivTitlePic -> b
    android.widget.RelativeLayout relContent -> c
    android.widget.TextView tvName -> d
    android.widget.TextView tvTime -> e
    android.widget.TextView tvTitle -> f
    android.widget.ImageView ivPic -> g
    android.widget.TextView tvCai -> h
    android.widget.TextView tvzan -> i
    android.widget.TextView tvZhuan -> j
    com.bdj.pic.PicLvAdapter this$0 -> k
com.bdj.tools.Const -> com.bdj.d.a:
    java.lang.String baseUrl -> a
    java.lang.String ALL_URL -> b
    java.lang.String PIC_URL -> c
    java.lang.String TXT_URL -> d
    java.lang.String VIDEO_URL -> e
    java.lang.String IMG_Down_LOCALURL -> f
    java.lang.String VIDEO_Down_LOCALURL -> g
    java.lang.String INDEX -> h
com.bdj.tools.ImgDownload -> com.bdj.d.b:
    int winHeight -> a
    int winWidth -> b
    java.util.HashMap map -> c
    java.util.Map imgCaches -> d
    void downLoadImg(java.lang.String,android.widget.RelativeLayout,android.widget.ImageView,android.content.Context,com.bdj.tools.ImgDownload$ImgCallBack) -> a
    android.view.ViewGroup$LayoutParams getParams(android.widget.RelativeLayout,android.graphics.Bitmap) -> a
    boolean checkImgDownloading(android.widget.ImageView) -> a
    java.util.Map access$0(com.bdj.tools.ImgDownload) -> a
    android.view.ViewGroup$LayoutParams access$1(com.bdj.tools.ImgDownload,android.widget.RelativeLayout,android.graphics.Bitmap) -> a
    java.util.HashMap access$2(com.bdj.tools.ImgDownload) -> b
com.bdj.tools.ImgDownload$ImgAsyncTask -> com.bdj.d.c:
    java.lang.String imgUrl -> b
    android.widget.ImageView ivImg -> c
    android.content.Context context -> d
    com.bdj.tools.ImgDownload$ImgCallBack imgCallBack -> e
    android.widget.RelativeLayout relContent -> f
    com.bdj.tools.ImgDownload this$0 -> a
    android.graphics.Bitmap doInBackground(java.lang.String[]) -> a
    void onPostExecute(android.graphics.Bitmap) -> a
    void onPostExecute(java.lang.Object) -> onPostExecute
    java.lang.Object doInBackground(java.lang.Object[]) -> doInBackground
com.bdj.tools.ImgDownload$ImgCallBack -> com.bdj.d.d:
com.bdj.tools.JsonDownLoad -> com.bdj.d.e:
    void getJson(java.lang.String,boolean,com.bdj.tools.JsonDownLoad$JsonCallBack) -> a
com.bdj.tools.JsonDownLoad$1 -> com.bdj.d.f:
    java.lang.String val$josnStr -> a
    com.bdj.tools.JsonDownLoad$JsonCallBack val$jsonCallBack -> b
    boolean val$barSwitch -> c
    void run() -> run
com.bdj.tools.JsonDownLoad$JsonCallBack -> com.bdj.d.g:
    void jsonBack(java.lang.String) -> a
com.bdj.tools.JsonTools -> com.bdj.d.h:
    java.util.ArrayList getBds(java.lang.String) -> a
com.bdj.tools.LogUtil -> com.bdj.d.i:
    void i(java.lang.String) -> a
com.bdj.tools.NetTools -> com.bdj.d.j:
    org.apache.http.impl.client.DefaultHttpClient client -> a
    java.util.concurrent.ExecutorService executorService -> b
    org.apache.http.client.HttpClient getSaveHttpClient() -> a
    java.util.concurrent.ExecutorService getExeService() -> b
com.bdj.tools.Tools -> com.bdj.d.k:
    boolean writeFileToSD(java.io.InputStream,java.io.File) -> a
    boolean checkNet(android.content.Context) -> a
    void createFiles() -> a
    java.lang.String getImgName(java.lang.String) -> a
    int getWinHeight() -> b
    int getWinWidth() -> c