proguard/usage.txt
u.aly.bc:
    144:146:public bc(java.lang.String)
    151:176:public bc(u.aly.bc)
    179:179:public u.aly.bc a()
    184:188:public void b()
    200:201:public void d()
    205:205:public boolean e()
    215:215:public int f()
    219:219:public java.util.Iterator h()
    230:230:public java.util.List i()
    234:235:public u.aly.bc a(java.util.List)
    239:240:public void j()
    254:254:public int l()
    258:258:public java.util.Iterator m()
    262:266:public void a(u.aly.av)
    269:269:public java.util.List n()
    273:274:public u.aly.bc b(java.util.List)
    278:279:public void o()
    293:293:public int q()
    297:297:public java.util.Iterator r()
    301:305:public void b(u.aly.av)
    308:308:public java.util.List s()
    312:313:public u.aly.bc c(java.util.List)
    317:318:public void t()
    332:332:public u.aly.bc$e a(int)
    399:403:private void a(java.io.ObjectOutputStream)
    407:411:private void a(java.io.ObjectInputStream)
    32:32:public synthetic u.aly.ch g()
    32:32:public synthetic u.aly.co b(int)
u.aly.bc$e:
    70:80:public static u.aly.bc$e a(int)
    89:91:public static u.aly.bc$e b(int)
    98:98:public static u.aly.bc$e a(java.lang.String)
u.aly.bd:
    private static final int h
    private static final int i
    139:143:public bd(u.aly.bd)
    146:146:public u.aly.bd a()
    151:155:public void b()
    158:158:public int c()
    162:164:public u.aly.bd a(int)
    168:169:public void d()
    181:181:public long f()
    185:187:public u.aly.bd a(long)
    191:192:public void h()
    204:204:public u.aly.bd$e c(int)
    240:244:private void a(java.io.ObjectOutputStream)
    249:254:private void a(java.io.ObjectInputStream)
    31:31:public synthetic u.aly.ch g()
    31:31:public synthetic u.aly.co b(int)
u.aly.bd$e:
    63:69:public static u.aly.bd$e a(int)
    78:80:public static u.aly.bd$e b(int)
    87:87:public static u.aly.bd$e a(java.lang.String)
u.aly.be:
    private static final int j
    private static final int k
    private static final int l
    151:156:public be(u.aly.be)
    159:159:public u.aly.be a()
    164:170:public void b()
    173:173:public double c()
    177:179:public u.aly.be a(double)
    183:184:public void d()
    196:196:public double f()
    200:202:public u.aly.be b(double)
    206:207:public void h()
    219:219:public long j()
    223:225:public u.aly.be a(long)
    229:230:public void k()
    242:242:public u.aly.be$e a(int)
    283:287:private void a(java.io.ObjectOutputStream)
    292:297:private void a(java.io.ObjectInputStream)
    32:32:public synthetic u.aly.ch g()
    32:32:public synthetic u.aly.co b(int)
u.aly.be$e:
    67:75:public static u.aly.be$e a(int)
    84:86:public static u.aly.be$e b(int)
    93:93:public static u.aly.be$e a(java.lang.String)